#-----------------------------------------------------------
# Vivado v2018.2 (64-bit)
# SW Build 2258646 on Thu Jun 14 20:03:12 MDT 2018
# IP Build 2256618 on Thu Jun 14 22:10:49 MDT 2018
# Start of session at: Thu Oct 10 15:16:55 2024
# Process ID: 11740
# Current directory: C:/Users/royce/Desktop/EE2026/ee2026_project/MODS
# Command line: vivado.exe -gui_launcher_event rodinguilauncherevent26040 C:\Users\royce\Desktop\EE2026\ee2026_project\MODS\MODS.xpr
# Log file: C:/Users/royce/Desktop/EE2026/ee2026_project/MODS/vivado.log
# Journal file: C:/Users/royce/Desktop/EE2026/ee2026_project/MODS\vivado.jou
#-----------------------------------------------------------
start_gui
open_project C:/Users/royce/Desktop/EE2026/ee2026_project/MODS/MODS.xpr
Scanning sources...
Finished scanning sources
INFO: [IP_Flow 19-234] Refreshing IP repositories
INFO: [IP_Flow 19-1704] No user IP repositories specified
INFO: [IP_Flow 19-2313] Loaded Vivado IP repository 'C:/Xilinx/Vivado/2018.2/data/ip'.
open_project: Time (s): cpu = 00:00:08 ; elapsed = 00:00:07 . Memory (MB): peak = 939.941 ; gain = 167.188
exit
INFO: [Common 17-206] Exiting Vivado at Thu Oct 10 15:17:42 2024...
 = 00:00:08 ; elapsed = 00:00:09 . Memory (MB): peak = 861.676 ; gain = 85.578
exit
INFO: [Common 17-206] Exiting Vivado at Thu Oct 10 15:17:33 2024...
